[2026-05-13T14:31:38.060Z] GET /nonexistent 404 0.1ms locale=-
[2026-05-13T14:31:38.066Z] GET /home 200 0.7ms locale=-
[2026-05-13T14:31:38.585Z] GET /md 200 515.9ms locale=-
[2026-05-13T14:31:38.604Z] GET /doc 200 4.8ms locale=-
[2026-05-13T14:34:00.741Z] GET /nonexistent 404 0.2ms locale=-
[2026-05-13T14:34:00.747Z] GET /home 200 1.0ms locale=-
[2026-05-13T14:34:01.142Z] GET /doc 200 0.8ms locale=-
[2026-05-13T14:34:01.100Z] GET /md 200 349.7ms locale=-
[2026-05-13T14:34:17.400Z] GET /nonexistent 404 0.1ms locale=-
[2026-05-13T14:34:17.402Z] GET /home 200 0.3ms locale=-
[2026-05-13T14:34:17.420Z] GET /doc 200 0.5ms locale=-
[2026-05-13T14:34:17.412Z] GET /md 200 7.2ms locale=-
[2026-05-13T14:34:51.286Z] GET /nonexistent 404 0.1ms locale=-
[2026-05-13T14:34:51.290Z] GET /home 200 0.3ms locale=-
[2026-05-13T14:34:51.315Z] GET /md 200 10.4ms locale=-
[2026-05-13T14:34:51.322Z] GET /doc 200 0.4ms locale=-
[2026-05-13T14:39:38.129Z] GET /en 200 21.2ms locale=-
[2026-05-13T14:39:38.202Z] GET /en/docs 200 68.6ms locale=-
[2026-05-13T14:39:38.245Z] GET /en/docs/architecture 200 41.9ms locale=-
[2026-05-13T14:39:38.265Z] GET /uk 200 20.0ms locale=-
[2026-05-13T14:39:38.288Z] GET /uk/docs 200 23.2ms locale=-
