[2026-04-02T09:40:10.113Z] GET / 404 0.1ms locale=-
[2026-04-02T09:40:33.095Z] GET / 404 0.0ms locale=-
[2026-04-02T09:40:33.260Z] GET /favicon.ico 404 0.0ms locale=-
[2026-04-02T09:40:38.526Z] GET /en/ 404 0.0ms locale=-
[2026-04-02T09:40:45.179Z] GET /README.md 404 0.0ms locale=-
[2026-04-02T09:40:50.669Z] GET /project.md 404 0.0ms locale=-
[2026-04-02T09:40:58.415Z] GET /uk/ 404 0.0ms locale=-
[2026-04-02T09:41:03.904Z] GET /docs/ 404 0.0ms locale=-
[2026-04-02T09:41:09.627Z] GET /en/README.md 404 0.0ms locale=-
[2026-04-02T09:41:34.644Z] GET /uk/index.yaml 404 0.0ms locale=-
[2026-04-02T09:41:44.685Z] GET / 404 0.0ms locale=-
[2026-04-02T09:42:00.754Z] GET /uk/README.md 404 0.0ms locale=-
[2026-04-02T09:42:08.742Z] GET /project 200 6.1ms locale=-
[2026-04-02T09:42:21.900Z] GET /en/README 200 7.1ms locale=-
[2026-04-02T09:42:29.059Z] GET /uk/README 200 4.0ms locale=-
[2026-04-02T09:45:06.747Z] GET /uk/README 200 7.0ms locale=-
[2026-04-02T10:09:43.518Z] GET /uk/README 200 26.6ms locale=-
[2026-04-02T10:20:09.607Z] GET /uk/README 200 6.7ms locale=-
[2026-04-02T10:22:32.736Z] GET /uk/README 200 5.5ms locale=-
[2026-04-02T10:23:28.540Z] GET /uk/README 200 5.8ms locale=-
